[0821/150436.050:ERROR:crash_report_database_win.cc(469)] failed to stat report
[0821/192049.382:ERROR:crash_report_database_win.cc(469)] failed to stat report
[0821/193049.431:ERROR:crash_report_database_win.cc(469)] failed to stat report
[0821/193049.434:ERROR:crash_report_database_win.cc(469)] failed to stat report
[0821/193549.401:ERROR:crash_report_database_win.cc(469)] failed to stat report
[0821/194443.625:ERROR:crash_report_database_win.cc(469)] failed to stat report
[0821/195049.422:ERROR:crash_report_database_win.cc(469)] failed to stat report
[0821/200549.441:ERROR:crash_report_database_win.cc(469)] failed to stat report
[0821/201752.946:ERROR:crash_report_database_win.cc(469)] failed to stat report
[0821/202049.463:ERROR:crash_report_database_win.cc(469)] failed to stat report
[0821/203549.482:ERROR:crash_report_database_win.cc(469)] failed to stat report
[0821/205049.500:ERROR:crash_report_database_win.cc(469)] failed to stat report
[0824/095850.432:ERROR:crash_report_database_win.cc(469)] failed to stat report
[0824/113539.654:ERROR:crash_report_database_win.cc(469)] failed to stat report
[0824/114140.813:ERROR:crash_report_database_win.cc(469)] failed to stat report
[0824/114539.661:ERROR:crash_report_database_win.cc(469)] failed to stat report
[0824/114539.664:ERROR:crash_report_database_win.cc(469)] failed to stat report
[0824/114559.631:ERROR:crash_report_database_win.cc(469)] failed to stat report
[0824/183906.201:ERROR:crash_report_database_win.cc(469)] failed to stat report
[0825/112232.378:ERROR:crash_report_database_win.cc(469)] failed to stat report
[0825/165748.561:ERROR:crash_report_database_win.cc(469)] failed to stat report
[0829/104900.614:ERROR:http_transport_win.cc(276)] WinHttpSendRequest: The operation completed successfully. (0x0)
[0829/104951.277:ERROR:process_memory_win.cc(73)] ReadMemory at 0x7fefd697b90 of 28 bytes failed: Only part of a ReadProcessMemory or WriteProcessMemory request was completed. (0x12B)
[0829/104951.277:WARNING:pe_image_reader.cc(171)] could not read data directory from C:\Windows\system32\SSPICLI.DLL
[0829/105004.989:ERROR:process_memory_win.cc(73)] ReadMemory at 0x7fefabbd000 of 18446744073709551008 bytes failed: Invalid access to memory location. (0x3E6)
[0829/105005.049:WARNING:pe_image_reader.cc(171)] could not read data directory from C:\Windows\system32\dhcpcsvc.DLL
